[2018-12-17 05:02:14] Текст ошибки:Страница не найдена|
         Файл: C:\OSPanel\domains\ishop2.loc\public\index.php| Строка:13 
==========
[2018-12-17 05:02:14] Текст ошибки:Страница не найдена|
         Файл: C:\OSPanel\domains\ishop2.loc\public\index.php| Строка:13 
==========
[2018-12-17 05:09:47] Текст ошибки:Страница не найдена|
         Файл: C:\OSPanel\domains\ishop2.loc\public\index.php| Строка:13 
==========
[2018-12-17 05:09:47] Текст ошибки:Страница не найдена|
         Файл: C:\OSPanel\domains\ishop2.loc\public\index.php| Строка:13 
==========
[2018-12-17 05:11:14] Текст ошибки:Страница не найдена|
         Файл: C:\OSPanel\domains\ishop2.loc\public\index.php| Строка:13 
==========
[2018-12-17 05:11:14] Текст ошибки:Страница не найдена|
         Файл: C:\OSPanel\domains\ishop2.loc\public\index.php| Строка:13 
==========
[2018-12-17 05:12:48] Текст ошибки:Страница не найдена|
         Файл: C:\OSPanel\domains\ishop2.loc\public\index.php| Строка:13 
==========
[2018-12-17 05:12:48] Текст ошибки:Страница не найдена|
         Файл: C:\OSPanel\domains\ishop2.loc\public\index.php| Строка:13 
==========
[2018-12-17 05:13:26] Текст ошибки:Страница не найдена|
         Файл: C:\OSPanel\domains\ishop2.loc\public\index.php| Строка:13 
==========
[2018-12-17 05:13:26] Текст ошибки:Страница не найдена|
         Файл: C:\OSPanel\domains\ishop2.loc\public\index.php| Строка:13 
==========
[2018-12-17 05:13:29] Текст ошибки:Страница не найдена|
         Файл: C:\OSPanel\domains\ishop2.loc\public\index.php| Строка:13 
==========
[2018-12-17 05:13:29] Текст ошибки:Страница не найдена|
         Файл: C:\OSPanel\domains\ishop2.loc\public\index.php| Строка:13 
==========
[2018-12-17 05:14:33] Текст ошибки:Страница не найдена|
         Файл: C:\OSPanel\domains\ishop2.loc\public\index.php| Строка:13 
==========
[2018-12-17 05:14:33] Текст ошибки:Страница не найдена|
         Файл: C:\OSPanel\domains\ishop2.loc\public\index.php| Строка:13 
==========
[2018-12-17 05:17:32] Текст ошибки:Страница не найдена|
         Файл: C:\OSPanel\domains\ishop2.loc\public\index.php| Строка:13 
==========
[2018-12-17 05:17:32] Текст ошибки:Страница не найдена|
         Файл: C:\OSPanel\domains\ishop2.loc\public\index.php| Строка:13 
==========
[2018-12-17 05:17:37] Текст ошибки:Страница не найдена|
         Файл: C:\OSPanel\domains\ishop2.loc\public\index.php| Строка:13 
==========
[2018-12-17 05:17:37] Текст ошибки:Страница не найдена|
         Файл: C:\OSPanel\domains\ishop2.loc\public\index.php| Строка:13 
==========
[2018-12-17 05:17:38] Текст ошибки:Страница не найдена|
         Файл: C:\OSPanel\domains\ishop2.loc\public\index.php| Строка:13 
==========
[2018-12-17 05:17:38] Текст ошибки:Страница не найдена|
         Файл: C:\OSPanel\domains\ishop2.loc\public\index.php| Строка:13 
==========
[2018-12-17 05:21:03] Текст ошибки:Страница не найдена|
         Файл: C:\OSPanel\domains\ishop2.loc\public\index.php| Строка:13 
==========
[2018-12-17 05:21:03] Текст ошибки:Страница не найдена|
         Файл: C:\OSPanel\domains\ishop2.loc\public\index.php| Строка:13 
==========
[2018-12-17 05:22:00] Текст ошибки:Страница не найдена|
         Файл: C:\OSPanel\domains\ishop2.loc\public\index.php| Строка:13 
==========
[2018-12-17 05:22:00] Текст ошибки:Страница не найдена|
         Файл: C:\OSPanel\domains\ishop2.loc\public\index.php| Строка:13 
==========
[2018-12-17 05:24:31] Текст ошибки:Страница не найдена|
         Файл: C:\OSPanel\domains\ishop2.loc\public\index.php| Строка:13 
==========
[2018-12-17 05:24:32] Текст ошибки:Страница не найдена|
         Файл: C:\OSPanel\domains\ishop2.loc\public\index.php| Строка:13 
==========
[2018-12-17 05:25:14] Текст ошибки:Страница не найдена|
         Файл: C:\OSPanel\domains\ishop2.loc\public\index.php| Строка:13 
==========
[2018-12-17 05:26:02] Текст ошибки:Страница не найдена|
         Файл: C:\OSPanel\domains\ishop2.loc\public\index.php| Строка:13 
==========
[2018-12-17 05:26:45] Текст ошибки:Страница не найдена|
         Файл: C:\OSPanel\domains\ishop2.loc\public\index.php| Строка:13 
==========
[2018-12-17 05:28:37] Текст ошибки:Страница не найдена|
         Файл: C:\OSPanel\domains\ishop2.loc\public\index.php| Строка:13 
==========
[2018-12-17 05:29:12] Текст ошибки:Страница не найдена|
         Файл: C:\OSPanel\domains\ishop2.loc\public\index.php| Строка:13 
==========
[2018-12-17 05:29:49] Текст ошибки:Страница не найдена|
         Файл: C:\OSPanel\domains\ishop2.loc\public\index.php| Строка:13 
==========
[2018-12-18 00:35:52] Текст ошибки:Страница не найдена|
         Файл: C:\OSPanel\domains\ishop2.loc\public\index.php| Строка:13 
==========
[2018-12-18 00:35:52] Текст ошибки:Страница не найдена|
         Файл: C:\OSPanel\domains\ishop2.loc\public\index.php| Строка:13 
==========
[2018-12-18 00:54:57] Текст ошибки:Страница не найдена|
         Файл: C:\OSPanel\domains\ishop2.loc\public\index.php| Строка:13 
==========
[2018-12-18 00:54:57] Текст ошибки:Страница не найдена|
         Файл: C:\OSPanel\domains\ishop2.loc\public\index.php| Строка:13 
==========
[2018-12-18 00:55:10] Текст ошибки:Страница не найдена|
         Файл: C:\OSPanel\domains\ishop2.loc\public\index.php| Строка:13 
==========
[2018-12-18 00:55:10] Текст ошибки:Страница не найдена|
         Файл: C:\OSPanel\domains\ishop2.loc\public\index.php| Строка:13 
==========
[2018-12-18 01:09:49] Текст ошибки:Страница не найдена|
         Файл: C:\OSPanel\domains\ishop2.loc\public\index.php| Строка:13 
==========
[2018-12-18 01:09:49] Текст ошибки:Страница не найдена|
         Файл: C:\OSPanel\domains\ishop2.loc\public\index.php| Строка:13 
==========
[2018-12-18 01:10:18] Текст ошибки:Страница не найдена|
         Файл: C:\OSPanel\domains\ishop2.loc\public\index.php| Строка:13 
==========
[2018-12-18 01:10:18] Текст ошибки:Страница не найдена|
         Файл: C:\OSPanel\domains\ishop2.loc\public\index.php| Строка:13 
==========
[2018-12-18 01:11:10] Текст ошибки:Страница не найдена|
         Файл: C:\OSPanel\domains\ishop2.loc\public\index.php| Строка:13 
==========
[2018-12-18 01:11:19] Текст ошибки:Страница не найдена|
         Файл: C:\OSPanel\domains\ishop2.loc\public\index.php| Строка:13 
==========
[2018-12-18 01:14:21] Текст ошибки:Страница не найдена|
         Файл: C:\OSPanel\domains\ishop2.loc\public\index.php| Строка:13 
==========
[2018-12-18 01:14:57] Текст ошибки:Страница не найдена|
         Файл: C:\OSPanel\domains\ishop2.loc\public\index.php| Строка:13 
==========
[2018-12-18 01:15:00] Текст ошибки:Страница не найдена|
         Файл: C:\OSPanel\domains\ishop2.loc\public\index.php| Строка:13 
==========
[2018-12-18 01:15:20] Текст ошибки:Страница не найдена|
         Файл: C:\OSPanel\domains\ishop2.loc\public\index.php| Строка:13 
==========
[2018-12-18 02:38:48] Текст ошибки:Страница не найдена|
         Файл: C:\OSPanel\domains\ishop2.loc\vendor\ishop\core\Router.php| Строка:34 
==========
[2018-12-18 03:12:48] Текст ошибки:Контроллер app\controllers\PageController не найден|
         Файл: C:\OSPanel\domains\ishop2.loc\vendor\ishop\core\Router.php| Строка:40 
==========
[2018-12-18 03:14:32] Текст ошибки:Страница не найдена|
         Файл: C:\OSPanel\domains\ishop2.loc\vendor\ishop\core\Router.php| Строка:44 
==========
[2018-12-18 03:21:16] Текст ошибки:Метод app\controllers\MainController::indexAction  не найден|
         Файл: C:\OSPanel\domains\ishop2.loc\vendor\ishop\core\Router.php| Строка:42 
==========
[2018-12-18 03:21:17] Текст ошибки:Метод app\controllers\MainController::indexAction  не найден|
         Файл: C:\OSPanel\domains\ishop2.loc\vendor\ishop\core\Router.php| Строка:42 
==========
[2018-12-19 00:35:16] Текст ошибки:Страница не найдена|
         Файл: C:\OSPanel\domains\ishop2.loc\vendor\ishop\core\Router.php| Строка:50 
==========
[2018-12-19 01:46:42] Текст ошибки:syntax error, unexpected '}'|
         Файл: C:\OSPanel\domains\ishop2.loc\vendor\ishop\core\base\View.php| Строка:45 
==========
[2018-12-19 01:58:23] Текст ошибки:Не найден шаблон default|
         Файл: C:\OSPanel\domains\ishop2.loc\vendor\ishop\core\base\View.php| Строка:59 
==========
